#
# There is insufficient memory for the Java Runtime Environment to continue.
# Native memory allocation (mmap) failed to map 266338304 bytes for Failed to commit area from 0x0000000703a00000 to 0x0000000713800000 of length 266338304.
# Possible reasons:
#   The system is out of physical RAM or swap space
#   The process is running with CompressedOops enabled, and the Java Heap may be blocking the growth of the native heap
# Possible solutions:
#   Reduce memory load on the system
#   Increase physical memory or swap space
#   Check if swap backing store is full
#   Decrease Java heap size (-Xmx/-Xms)
#   Decrease number of Java threads
#   Decrease Java thread stack sizes (-Xss)
#   Set larger code cache with -XX:ReservedCodeCacheSize=
# This output file may be truncated or incomplete.
#
#  Out of Memory Error (./src/hotspot/os/windows/os_windows.cpp:3619), pid=2992, tid=1048
#
# JRE version:  (11.0.13+7) (build )
# Java VM: OpenJDK 64-Bit Server VM (11.0.13+7-b1751.25, mixed mode, sharing, tiered, compressed oops, g1 gc, windows-amd64)
# No core dump will be written. Minidumps are not enabled by default on client versions of Windows
#

---------------  S U M M A R Y ------------

Command Line: git4idea.http.GitAskPassApp Username for 'https://github.com': 

Host: Intel(R) Core(TM) i7-10510U CPU @ 1.80GHz, 8 cores, 15G,  Windows 11 , 64 bit Build 22000 (10.0.22000.675)
Time: Tue May 17 02:25:59 2022 Sri Lanka Standard Time elapsed time: 0.018686 seconds (0d 0h 0m 0s)

---------------  T H R E A D  ---------------

Current thread (0x000001f4bbae1800):  JavaThread "Unknown thread" [_thread_in_vm, id=1048, stack(0x00000012da000000,0x00000012da100000)]

Stack: [0x00000012da000000,0x00000012da100000]
Native frames: (J=compiled Java code, j=interpreted, Vv=VM code, C=native code)
V  [jvm.dll+0x613daa]
V  [jvm.dll+0x799b30]
V  [jvm.dll+0x79b14d]
V  [jvm.dll+0x79b823]
V  [jvm.dll+0x24c958]
V  [jvm.dll+0x610e24]
V  [jvm.dll+0x605b25]
V  [jvm.dll+0x30aaab]
V  [jvm.dll+0x30aa1a]
V  [jvm.dll+0x30a8f2]
V  [jvm.dll+0x30f856]
V  [jvm.dll+0x359143]
V  [jvm.dll+0x359846]
V  [jvm.dll+0x359243]
V  [jvm.dll+0x2e57a8]
V  [jvm.dll+0x2e6947]
V  [jvm.dll+0x776d47]
V  [jvm.dll+0x77853c]
V  [jvm.dll+0x3666c9]
V  [jvm.dll+0x75a9ce]
V  [jvm.dll+0x3d47d3]
V  [jvm.dll+0x3d6d21]
C  [jli.dll+0x536b]
C  [ucrtbase.dll+0x26c0c]
C  [KERNEL32.DLL+0x154e0]
C  [ntdll.dll+0x485b]


---------------  P R O C E S S  ---------------

Threads class SMR info:
_java_thread_list=0x000001f4bb9189b0, length=0, elements={
}

Java Threads: ( => current thread )

Other Threads:
  0x000001f4bbafa800 GCTaskThread "GC Thread#0" [stack: 0x00000012da100000,0x00000012da200000] [id=20548]
  0x000001f4bbb5b000 ConcurrentGCThread "G1 Main Marker" [stack: 0x00000012da200000,0x00000012da300000] [id=6816]
  0x000001f4bbb5e000 ConcurrentGCThread "G1 Conc#0" [stack: 0x00000012da300000,0x00000012da400000] [id=17084]

[error occurred during error reporting (printing all threads), id 0xc0000005, EXCEPTION_ACCESS_VIOLATION (0xc0000005) at pc=0x00007ffce9cf5c97]

VM state:not at safepoint (not fully initialized)

VM Mutex/Monitor currently owned by a thread:  ([mutex/lock_event])
[0x000001f4bbade3a0] Heap_lock - owner thread: 0x000001f4bbae1800

Heap address: 0x0000000703a00000, size: 4038 MB, Compressed Oops mode: Non-zero based: 0x0000000703a00000
Narrow klass base: 0x0000000000000000, Narrow klass shift: 0

GC Heap History (0 events):
No events

Deoptimization events (0 events):
No events

Classes redefined (0 events):
No events

Internal exceptions (0 events):
No events

Events (1 events):
Event: 0.010 Loaded shared library C:\Program Files\JetBrains\IntelliJ IDEA 2021.3.2\jbr\bin\zip.dll


Dynamic libraries:
0x00007ff755d00000 - 0x00007ff755d0a000 	C:\Program Files\JetBrains\IntelliJ IDEA 2021.3.2\jbr\bin\java.exe
0x00007ffd321e0000 - 0x00007ffd323e9000 	C:\Windows\SYSTEM32\ntdll.dll
0x00007ffd30340000 - 0x00007ffd303fd000 	C:\Windows\System32\KERNEL32.DLL
0x00007ffd2f790000 - 0x00007ffd2fb09000 	C:\Windows\System32\KERNELBASE.dll
0x00007ffd2fd50000 - 0x00007ffd2fe61000 	C:\Windows\System32\ucrtbase.dll
0x00007ffd199a0000 - 0x00007ffd199b7000 	C:\Program Files\JetBrains\IntelliJ IDEA 2021.3.2\jbr\bin\VCRUNTIME140.dll
0x00007ffd19980000 - 0x00007ffd19999000 	C:\Program Files\JetBrains\IntelliJ IDEA 2021.3.2\jbr\bin\jli.dll
0x00007ffd31350000 - 0x00007ffd314fc000 	C:\Windows\System32\USER32.dll
0x00007ffd0daa0000 - 0x00007ffd0dd45000 	C:\Windows\WinSxS\amd64_microsoft.windows.common-controls_6595b64144ccf1df_6.0.22000.120_none_9d947278b86cc467\COMCTL32.dll
0x00007ffd30050000 - 0x00007ffd30076000 	C:\Windows\System32\win32u.dll
0x00007ffd30290000 - 0x00007ffd30333000 	C:\Windows\System32\msvcrt.dll
0x00007ffd31e50000 - 0x00007ffd31e79000 	C:\Windows\System32\GDI32.dll
0x00007ffd2fbb0000 - 0x00007ffd2fcc2000 	C:\Windows\System32\gdi32full.dll
0x00007ffd2fb10000 - 0x00007ffd2fbad000 	C:\Windows\System32\msvcp_win.dll
0x00007ffd315f0000 - 0x00007ffd31621000 	C:\Windows\System32\IMM32.DLL
0x00007ffd17110000 - 0x00007ffd171ad000 	C:\Program Files\JetBrains\IntelliJ IDEA 2021.3.2\jbr\bin\msvcp140.dll
0x00007ffce9a00000 - 0x00007ffcea576000 	C:\Program Files\JetBrains\IntelliJ IDEA 2021.3.2\jbr\bin\server\jvm.dll
0x00007ffd311a0000 - 0x00007ffd3124e000 	C:\Windows\System32\ADVAPI32.dll
0x00007ffd32100000 - 0x00007ffd3219e000 	C:\Windows\System32\sechost.dll
0x00007ffd31e80000 - 0x00007ffd31fa0000 	C:\Windows\System32\RPCRT4.dll
0x00007ffd31fa0000 - 0x00007ffd31fa8000 	C:\Windows\System32\PSAPI.DLL
0x00007ffd24680000 - 0x00007ffd246b3000 	C:\Windows\SYSTEM32\WINMM.dll
0x00007ffd26910000 - 0x00007ffd26919000 	C:\Windows\SYSTEM32\WSOCK32.dll
0x00007ffd30080000 - 0x00007ffd300ef000 	C:\Windows\System32\WS2_32.dll
0x00007ffd1e3c0000 - 0x00007ffd1e3ca000 	C:\Windows\SYSTEM32\VERSION.dll
0x00007ffd2e790000 - 0x00007ffd2e7a8000 	C:\Windows\SYSTEM32\kernel.appcore.dll
0x00007ffd1b5a0000 - 0x00007ffd1b5b1000 	C:\Program Files\JetBrains\IntelliJ IDEA 2021.3.2\jbr\bin\verify.dll
0x00007ffd29b20000 - 0x00007ffd29d41000 	C:\Windows\SYSTEM32\DBGHELP.DLL
0x00007ffd14100000 - 0x00007ffd14131000 	C:\Windows\SYSTEM32\dbgcore.DLL
0x00007ffd2fcd0000 - 0x00007ffd2fd4f000 	C:\Windows\System32\bcryptPrimitives.dll
0x00007ffd1b1f0000 - 0x00007ffd1b219000 	C:\Program Files\JetBrains\IntelliJ IDEA 2021.3.2\jbr\bin\java.dll
0x00007ffd1b540000 - 0x00007ffd1b54b000 	C:\Program Files\JetBrains\IntelliJ IDEA 2021.3.2\jbr\bin\jimage.dll
0x00007ffd1b1d0000 - 0x00007ffd1b1e8000 	C:\Program Files\JetBrains\IntelliJ IDEA 2021.3.2\jbr\bin\zip.dll

dbghelp: loaded successfully - version: 4.0.5 - missing functions: none
symbol engine: initialized successfully - sym options: 0x614 - pdb path: .;C:\Program Files\JetBrains\IntelliJ IDEA 2021.3.2\jbr\bin;C:\Windows\SYSTEM32;C:\Windows\WinSxS\amd64_microsoft.windows.common-controls_6595b64144ccf1df_6.0.22000.120_none_9d947278b86cc467;C:\Program Files\JetBrains\IntelliJ IDEA 2021.3.2\jbr\bin\server

VM Arguments:
java_command: git4idea.http.GitAskPassApp Username for 'https://github.com': 
java_class_path (initial): C:/Program Files/JetBrains/IntelliJ IDEA 2021.3.2/plugins/git4idea/lib/git4idea-rt.jar;C:/Program Files/JetBrains/IntelliJ IDEA 2021.3.2/lib/3rd-party.jar;C:/Program Files/JetBrains/IntelliJ IDEA 2021.3.2/lib/3rd-party-rt.jar
Launcher Type: SUN_STANDARD

[Global flags]
     intx CICompilerCount                          = 4                                         {product} {ergonomic}
     uint ConcGCThreads                            = 2                                         {product} {ergonomic}
     uint G1ConcRefinementThreads                  = 8                                         {product} {ergonomic}
   size_t G1HeapRegionSize                         = 1048576                                   {product} {ergonomic}
    uintx GCDrainStackTargetSize                   = 64                                        {product} {ergonomic}
   size_t InitialHeapSize                          = 266338304                                 {product} {ergonomic}
   size_t MarkStackSize                            = 4194304                                   {product} {ergonomic}
   size_t MaxHeapSize                              = 4234149888                                {product} {ergonomic}
   size_t MinHeapDeltaBytes                        = 1048576                                   {product} {ergonomic}
    uintx NonNMethodCodeHeapSize                   = 5836300                                {pd product} {ergonomic}
    uintx NonProfiledCodeHeapSize                  = 122910970                              {pd product} {ergonomic}
    uintx ProfiledCodeHeapSize                     = 122910970                              {pd product} {ergonomic}
    uintx ReservedCodeCacheSize                    = 251658240                              {pd product} {ergonomic}
     bool SegmentedCodeCache                       = true                                      {product} {ergonomic}
     bool UseCompressedClassPointers               = true                                 {lp64_product} {ergonomic}
     bool UseCompressedOops                        = true                                 {lp64_product} {ergonomic}
     bool UseG1GC                                  = true                                      {product} {ergonomic}
     bool UseLargePagesIndividualAllocation        = false                                  {pd product} {ergonomic}

Logging:
Log output configuration:
 #0: stdout all=warning uptime,level,tags
 #1: stderr all=off uptime,level,tags

Environment Variables:
JAVA_HOME=C:\Program Files\Java\jdk-11.0.13
PATH=C:\Program Files\Git\mingw64\libexec\git-core;C:\Program Files\Git\mingw64\libexec\git-core;C:\Program Files\Git\mingw64\bin;C:\Program Files\Git\usr\bin;C:\Users\JANITH\bin;C:\Program Files (x86)\Microsoft SDKs\Azure\CLI2\wbin;C:\Program Files\Common Files\Oracle\Java\javapath;C:\Windows\system32;C:\Windows;C:\Windows\System32\Wbem;C:\Windows\System32\WindowsPowerShell\v1.0;C:\Windows\System32\OpenSSH;C:\Program Files\Git\cmd;C:\Program Files\MySQL\MySQL Server 5.7\bin;C:\Program Files\nodejs;C:\Program Files\Java\jdk-11.0.13\bin;C:\src\apache-maven-3.8.5\bin;C:\Program Files\PuTTY;C:\Program Files\Docker\Docker\resources\bin;C:\ProgramData\DockerDesktop\version-bin;C:\Users\JANITH\anaconda3;C:\Users\JANITH\anaconda3\Library\mingw-w64\bin;C:\Users\JANITH\anaconda3\Library\usr\bin;C:\Users\JANITH\anaconda3\Library\bin;C:\Users\JANITH\anaconda3\Scripts;C:\Program Files\MySQL\MySQL Shell 8.0\bin;C:\Users\JANITH\AppData\Local\Microsoft\WindowsApps;C:\Users\JANITH\AppData\Local\Programs\Microsoft VS Code\bin;C:\Program Files\JetBrains\DataGrip 2021.3.4\bin;C:\Users\JANITH\AppData\Roaming\npm;C:\Program Files\JetBrains\WebStorm 2021.3.3\bin;C:\src\flutter\bin;C:\Program Files\JetBrains\PyCharm 2022.1\bin
USERNAME=JANITH
DISPLAY=:0.0
LC_ALL=en_US.UTF-8
OS=Windows_NT
PROCESSOR_IDENTIFIER=Intel64 Family 6 Model 142 Stepping 12, GenuineIntel



---------------  S Y S T E M  ---------------

OS: Windows 11 , 64 bit Build 22000 (10.0.22000.675)
OS uptime: 3 days 3:48 hours
Hyper-V role detected

CPU:total 8 (initial active 8) (4 cores per cpu, 2 threads per core) family 6 model 142 stepping 12 microcode 0xde, cmov, cx8, fxsr, mmx, sse, sse2, sse3, ssse3, sse4.1, sse4.2, popcnt, avx, avx2, aes, clmul, erms, 3dnowpref, lzcnt, ht, tsc, tscinvbit, bmi1, bmi2, adx, fma

Memory: 4k page, system-wide physical 16144M (2426M free)
TotalPageFile size 30537M (AvailPageFile size 49M)
current process WorkingSet (physical memory assigned to process): 10M, peak: 10M
current process commit charge ("private bytes"): 60M, peak: 314M

vm_info: OpenJDK 64-Bit Server VM (11.0.13+7-b1751.25) for windows-amd64 JRE (11.0.13+7-b1751.25), built on Jan 13 2022 20:47:27 by "" with MS VC++ 14.0 (VS2015)

END.
